<?xml version="1.0" encoding="UTF-8"?>
<!-- Generated by org.testng.reporters.JUnitReportReporter -->
<testsuite hostname="GLB7310" name="demo.test.TourSmoke" tests="1" failures="0" timestamp="23 Aug 2012 14:17:08 GMT" time="5.859" errors="0">
  <testcase name="loginTest" time="5.859" classname="demo.test.TourSmoke"/>
</testsuite> <!-- demo.test.TourSmoke -->
