<?xml version="1.0" encoding="UTF-8"?>
<!-- Generated by org.testng.reporters.JUnitReportReporter -->
<testsuite hostname="GLB7310" name="demo.test.TourPageTest" tests="1" failures="0" timestamp="9 Aug 2012 20:12:07 GMT" time="5.751" errors="0">
  <testcase name="SignIn" time="5.751" classname="demo.test.TourPageTest"/>
</testsuite> <!-- demo.test.TourPageTest -->
