<?xml version="1.0" encoding="UTF-8"?>
<!-- Generated by org.testng.reporters.JUnitReportReporter -->
<testsuite hostname="GLB7310" name="demo.test.Regression" tests="1" failures="0" timestamp="31 Aug 2012 18:07:48 GMT" time="7.141" errors="0">
  <testcase name="AboutUsTest" time="7.141" classname="demo.test.Regression"/>
</testsuite> <!-- demo.test.Regression -->
